<?xml version="1.0" encoding="UTF-8"?>
<!-- Generated by org.testng.reporters.JUnitReportReporter -->
<testsuite skipped="0" hostname="LAPTOP-SMC8HIAI" name="testPackage.TestActiTimeOptionOfDropdown" tests="1" failures="0" timestamp="2021-11-18T09:50:47 IST" time="13.621" errors="0">
  <testcase name="testDropdowns" time="13.621" classname="testPackage.TestActiTimeOptionOfDropdown"/>
  <system-out/>
</testsuite> <!-- testPackage.TestActiTimeOptionOfDropdown -->
